<?xml version="1.0" encoding="utf-8"?><testsuites name="pytest tests"><testsuite name="pytest" errors="0" failures="0" skipped="0" tests="26" time="18.141" timestamp="2026-02-19T01:15:20.395402+00:00" hostname="agent-env-3f17aadd-04d2-41bb-abb5-8683dd6da075"><testcase classname="backend.tests.test_advanced_lead_filtering.TestAdvancedLeadFiltering" name="test_filter_by_single_stage" time="1.801" /><testcase classname="backend.tests.test_advanced_lead_filtering.TestAdvancedLeadFiltering" name="test_filter_by_multiple_stages" time="0.862" /><testcase classname="backend.tests.test_advanced_lead_filtering.TestAdvancedLeadFiltering" name="test_filter_by_three_stages" time="0.495" /><testcase classname="backend.tests.test_advanced_lead_filtering.TestAdvancedLeadFiltering" name="test_filter_by_single_source" time="0.692" /><testcase classname="backend.tests.test_advanced_lead_filtering.TestAdvancedLeadFiltering" name="test_filter_by_multiple_sources" time="0.920" /><testcase classname="backend.tests.test_advanced_lead_filtering.TestAdvancedLeadFiltering" name="test_filter_by_single_specialty" time="0.635" /><testcase classname="backend.tests.test_advanced_lead_filtering.TestAdvancedLeadFiltering" name="test_filter_by_multiple_specialties" time="1.084" /><testcase classname="backend.tests.test_advanced_lead_filtering.TestAdvancedLeadFiltering" name="test_filter_by_single_province" time="0.664" /><testcase classname="backend.tests.test_advanced_lead_filtering.TestAdvancedLeadFiltering" name="test_filter_by_multiple_provinces" time="0.832" /><testcase classname="backend.tests.test_advanced_lead_filtering.TestAdvancedLeadFiltering" name="test_filter_by_single_recruiter" time="0.780" /><testcase classname="backend.tests.test_advanced_lead_filtering.TestAdvancedLeadFiltering" name="test_filter_by_multiple_recruiters" time="0.591" /><testcase classname="backend.tests.test_advanced_lead_filtering.TestAdvancedLeadFiltering" name="test_filter_by_date_from" time="0.487" /><testcase classname="backend.tests.test_advanced_lead_filtering.TestAdvancedLeadFiltering" name="test_filter_by_date_to" time="0.665" /><testcase classname="backend.tests.test_advanced_lead_filtering.TestAdvancedLeadFiltering" name="test_filter_by_date_range" time="0.530" /><testcase classname="backend.tests.test_advanced_lead_filtering.TestAdvancedLeadFiltering" name="test_filter_by_search_name" time="0.704" /><testcase classname="backend.tests.test_advanced_lead_filtering.TestAdvancedLeadFiltering" name="test_filter_by_search_email" time="0.670" /><testcase classname="backend.tests.test_advanced_lead_filtering.TestAdvancedLeadFiltering" name="test_combined_stage_and_specialty" time="0.623" /><testcase classname="backend.tests.test_advanced_lead_filtering.TestAdvancedLeadFiltering" name="test_combined_source_and_province" time="0.677" /><testcase classname="backend.tests.test_advanced_lead_filtering.TestAdvancedLeadFiltering" name="test_combined_all_filters" time="0.822" /><testcase classname="backend.tests.test_advanced_lead_filtering.TestAdvancedLeadFiltering" name="test_empty_filter_returns_all" time="0.558" /><testcase classname="backend.tests.test_advanced_lead_filtering.TestAdvancedLeadFiltering" name="test_invalid_stage_filter" time="0.470" /><testcase classname="backend.tests.test_advanced_lead_filtering.TestAdvancedLeadFiltering" name="test_empty_stages_parameter" time="0.561" /><testcase classname="backend.tests.test_advanced_lead_filtering.TestAdvancedLeadFiltering" name="test_whitespace_handling_in_filters" time="0.511" /><testcase classname="backend.tests.test_advanced_lead_filtering.TestRecruiterEndpoint" name="test_get_recruiters_returns_list" time="0.409" /><testcase classname="backend.tests.test_advanced_lead_filtering.TestRecruiterEndpoint" name="test_recruiters_no_password_in_response" time="0.455" /><testcase classname="backend.tests.test_advanced_lead_filtering.TestPipelineStagesEndpoint" name="test_get_pipeline_stages" time="0.494" /></testsuite></testsuites>