<?xml version="1.0" encoding="utf-8"?><testsuites name="pytest tests"><testsuite name="pytest" errors="0" failures="2" skipped="0" tests="14" time="2.774" timestamp="2026-02-12T01:01:17.855484+00:00" hostname="agent-env-13d22af9-1fb3-46b8-8b4b-da1d392fbcf8"><testcase classname="backend.tests.test_document_upload.TestDocumentUpload" name="test_upload_document_success" time="0.384" /><testcase classname="backend.tests.test_document_upload.TestDocumentUpload" name="test_upload_document_invalid_extension" time="0.037" /><testcase classname="backend.tests.test_document_upload.TestDocumentUpload" name="test_upload_document_missing_candidate_id" time="0.039" /><testcase classname="backend.tests.test_document_upload.TestDocumentUpload" name="test_upload_image_document" time="0.039" /><testcase classname="backend.tests.test_document_upload.TestDocumentList" name="test_list_documents_by_candidate" time="0.301" /><testcase classname="backend.tests.test_document_upload.TestDocumentList" name="test_list_all_documents" time="0.033" /><testcase classname="backend.tests.test_document_upload.TestDocumentDownload" name="test_download_document_success" time="0.333"><failure message="AssertionError: Download failed: {&quot;detail&quot;:&quot;No file associated with this document&quot;}&#10;assert 404 == 200&#10; +  where 404 = &lt;Response [404]&gt;.status_code">backend/tests/test_document_upload.py:208: in test_download_document_success
    assert response.status_code == 200, f"Download failed: {response.text}"
E   AssertionError: Download failed: {"detail":"No file associated with this document"}
E   assert 404 == 200
E    +  where 404 = &lt;Response [404]&gt;.status_code</failure></testcase><testcase classname="backend.tests.test_document_upload.TestDocumentDownload" name="test_download_nonexistent_document" time="0.033" /><testcase classname="backend.tests.test_document_upload.TestFileServing" name="test_serve_file_success" time="0.342" /><testcase classname="backend.tests.test_document_upload.TestFileServing" name="test_serve_nonexistent_file" time="0.033" /><testcase classname="backend.tests.test_document_upload.TestDocumentDeletion" name="test_delete_document_and_file" time="0.406" /><testcase classname="backend.tests.test_document_upload.TestDocumentDeletion" name="test_delete_nonexistent_document" time="0.077" /><testcase classname="backend.tests.test_document_upload.TestUploadStats" name="test_get_upload_stats" time="0.292" /><testcase classname="backend.tests.test_document_upload.TestCleanup" name="test_cleanup_test_documents" time="0.296"><failure message="AttributeError: 'NoneType' object has no attribute 'startswith'">backend/tests/test_document_upload.py:361: in test_cleanup_test_documents
    test_docs = [d for d in docs if d.get("notes", "").startswith("Test")]
                ^^^^^^^^^^^^^^^^^^^^^^^^^^^^^^^^^^^^^^^^^^^^^^^^^^^^^^^^^^
backend/tests/test_document_upload.py:361: in &lt;listcomp&gt;
    test_docs = [d for d in docs if d.get("notes", "").startswith("Test")]
                                    ^^^^^^^^^^^^^^^^^^^^^^^^^^^^^
E   AttributeError: 'NoneType' object has no attribute 'startswith'</failure></testcase></testsuite></testsuites>