<?xml version="1.0" encoding="utf-8"?><testsuites name="pytest tests"><testsuite name="pytest" errors="0" failures="0" skipped="0" tests="14" time="2.872" timestamp="2026-02-12T01:01:50.260946+00:00" hostname="agent-env-13d22af9-1fb3-46b8-8b4b-da1d392fbcf8"><testcase classname="backend.tests.test_document_upload.TestDocumentUpload" name="test_upload_document_success" time="0.418" /><testcase classname="backend.tests.test_document_upload.TestDocumentUpload" name="test_upload_document_invalid_extension" time="0.048" /><testcase classname="backend.tests.test_document_upload.TestDocumentUpload" name="test_upload_document_missing_candidate_id" time="0.040" /><testcase classname="backend.tests.test_document_upload.TestDocumentUpload" name="test_upload_image_document" time="0.039" /><testcase classname="backend.tests.test_document_upload.TestDocumentList" name="test_list_documents_by_candidate" time="0.296" /><testcase classname="backend.tests.test_document_upload.TestDocumentList" name="test_list_all_documents" time="0.041" /><testcase classname="backend.tests.test_document_upload.TestDocumentDownload" name="test_download_document_success" time="0.335" /><testcase classname="backend.tests.test_document_upload.TestDocumentDownload" name="test_download_nonexistent_document" time="0.033" /><testcase classname="backend.tests.test_document_upload.TestFileServing" name="test_serve_file_success" time="0.327" /><testcase classname="backend.tests.test_document_upload.TestFileServing" name="test_serve_nonexistent_file" time="0.035" /><testcase classname="backend.tests.test_document_upload.TestDocumentDeletion" name="test_delete_document_and_file" time="0.367" /><testcase classname="backend.tests.test_document_upload.TestDocumentDeletion" name="test_delete_nonexistent_document" time="0.033" /><testcase classname="backend.tests.test_document_upload.TestUploadStats" name="test_get_upload_stats" time="0.363" /><testcase classname="backend.tests.test_document_upload.TestCleanup" name="test_cleanup_test_documents" time="0.433" /></testsuite></testsuites>