<?xml version="1.0" encoding="utf-8"?><testsuites name="pytest tests"><testsuite name="pytest" errors="0" failures="0" skipped="0" tests="19" time="1.924" timestamp="2026-02-12T15:17:59.749780+00:00" hostname="agent-env-a029b1aa-14f1-434e-bafe-c5a57a6d840d"><testcase classname="backend.tests.test_lead_actions.TestLeadBasicOperations" name="test_get_leads" time="0.365" /><testcase classname="backend.tests.test_lead_actions.TestLeadBasicOperations" name="test_create_lead" time="0.017" /><testcase classname="backend.tests.test_lead_actions.TestLeadBasicOperations" name="test_update_lead" time="0.055" /><testcase classname="backend.tests.test_lead_actions.TestPipelineStages" name="test_get_pipeline_stages" time="0.009" /><testcase classname="backend.tests.test_lead_actions.TestRecruiters" name="test_get_recruiters" time="0.013" /><testcase classname="backend.tests.test_lead_actions.TestAssignRecruiter" name="test_assign_recruiter_to_lead" time="0.090" /><testcase classname="backend.tests.test_lead_actions.TestMoveStage" name="test_move_lead_to_contacted" time="0.114" /><testcase classname="backend.tests.test_lead_actions.TestMoveStage" name="test_move_lead_to_invalid_stage" time="0.030" /><testcase classname="backend.tests.test_lead_actions.TestRejectLead" name="test_reject_lead_with_reason" time="0.169" /><testcase classname="backend.tests.test_lead_actions.TestRejectLead" name="test_reject_lead_without_reason" time="0.069" /><testcase classname="backend.tests.test_lead_actions.TestConvertToCandidate" name="test_convert_new_lead_to_candidate" time="0.130" /><testcase classname="backend.tests.test_lead_actions.TestConvertToCandidate" name="test_convert_with_hired_stage" time="0.048" /><testcase classname="backend.tests.test_lead_actions.TestDuplicateDetection" name="test_check_duplicate_no_match" time="0.073" /><testcase classname="backend.tests.test_lead_actions.TestDuplicateDetection" name="test_duplicate_detection_on_convert" time="0.145" /><testcase classname="backend.tests.test_lead_actions.TestDuplicateDetection" name="test_link_to_existing_candidate" time="0.116" /><testcase classname="backend.tests.test_lead_actions.TestActivityLogging" name="test_conversion_activity_logged" time="0.173" /><testcase classname="backend.tests.test_lead_actions.TestDeleteLead" name="test_delete_lead" time="0.028" /><testcase classname="backend.tests.test_lead_actions.TestDeleteLead" name="test_delete_nonexistent_lead" time="0.010" /><testcase classname="backend.tests.test_lead_actions.TestAlreadyConvertedLead" name="test_cannot_convert_twice" time="0.128" /></testsuite></testsuites>